[Thu Feb 05 23:24:48.637594 2026] [ssl:warn] [pid 24140:tid 484] AH01909: www.example.com:443:0 server certificate does NOT include an ID which matches the server name
[Thu Feb 05 23:24:48.692832 2026] [ssl:warn] [pid 24140:tid 484] AH01909: www.example.com:443:0 server certificate does NOT include an ID which matches the server name
[Thu Feb 05 23:24:48.959584 2026] [mpm_winnt:notice] [pid 24140:tid 484] AH00455: Apache/2.4.58 (Win64) OpenSSL/3.1.3 PHP/8.2.12 configured -- resuming normal operations
[Thu Feb 05 23:24:48.959584 2026] [mpm_winnt:notice] [pid 24140:tid 484] AH00456: Apache Lounge VS17 Server built: Oct 18 2023 13:03:18
[Thu Feb 05 23:24:48.959584 2026] [core:notice] [pid 24140:tid 484] AH00094: Command line: 'C:\\xampp\\apache\\bin\\httpd.exe -d C:/xampp/apache'
[Thu Feb 05 23:24:48.967968 2026] [mpm_winnt:notice] [pid 24140:tid 484] AH00418: Parent: Created child process 23752
[Thu Feb 05 23:24:49.610427 2026] [ssl:warn] [pid 23752:tid 484] AH01909: www.example.com:443:0 server certificate does NOT include an ID which matches the server name
[Thu Feb 05 23:24:49.666868 2026] [ssl:warn] [pid 23752:tid 484] AH01909: www.example.com:443:0 server certificate does NOT include an ID which matches the server name
[Thu Feb 05 23:24:49.718424 2026] [mpm_winnt:notice] [pid 23752:tid 484] AH00354: Child: Starting 150 worker threads.
[Thu Feb 05 23:26:57.907568 2026] [ssl:warn] [pid 24504:tid 468] AH01909: www.example.com:443:0 server certificate does NOT include an ID which matches the server name
[Thu Feb 05 23:26:57.961573 2026] [ssl:warn] [pid 24504:tid 468] AH01909: www.example.com:443:0 server certificate does NOT include an ID which matches the server name
[Thu Feb 05 23:26:58.002720 2026] [mpm_winnt:notice] [pid 24504:tid 468] AH00455: Apache/2.4.58 (Win64) OpenSSL/3.1.3 PHP/8.2.12 configured -- resuming normal operations
[Thu Feb 05 23:26:58.002720 2026] [mpm_winnt:notice] [pid 24504:tid 468] AH00456: Apache Lounge VS17 Server built: Oct 18 2023 13:03:18
[Thu Feb 05 23:26:58.002720 2026] [core:notice] [pid 24504:tid 468] AH00094: Command line: 'c:\\xampp\\apache\\bin\\httpd.exe -d C:/xampp/apache'
[Thu Feb 05 23:26:58.008344 2026] [mpm_winnt:notice] [pid 24504:tid 468] AH00418: Parent: Created child process 8616
[Thu Feb 05 23:26:58.457143 2026] [ssl:warn] [pid 8616:tid 468] AH01909: www.example.com:443:0 server certificate does NOT include an ID which matches the server name
[Thu Feb 05 23:26:58.511312 2026] [ssl:warn] [pid 8616:tid 468] AH01909: www.example.com:443:0 server certificate does NOT include an ID which matches the server name
[Thu Feb 05 23:26:58.560848 2026] [mpm_winnt:notice] [pid 8616:tid 468] AH00354: Child: Starting 150 worker threads.
[Thu Feb 05 23:51:59.261033 2026] [mpm_winnt:crit] [pid 8616:tid 468] AH02538: Child: Parent process exited abruptly. Child process is ending
[Fri Feb 06 17:34:56.814586 2026] [ssl:warn] [pid 17896:tid 496] AH01909: www.example.com:443:0 server certificate does NOT include an ID which matches the server name
[Fri Feb 06 17:34:56.851291 2026] [core:warn] [pid 17896:tid 496] AH00098: pid file C:/xampp/apache/logs/httpd.pid overwritten -- Unclean shutdown of previous Apache run?
[Fri Feb 06 17:34:56.855690 2026] [ssl:warn] [pid 17896:tid 496] AH01909: www.example.com:443:0 server certificate does NOT include an ID which matches the server name
[Fri Feb 06 17:34:56.921580 2026] [mpm_winnt:notice] [pid 17896:tid 496] AH00455: Apache/2.4.58 (Win64) OpenSSL/3.1.3 PHP/8.2.12 configured -- resuming normal operations
[Fri Feb 06 17:34:56.921580 2026] [mpm_winnt:notice] [pid 17896:tid 496] AH00456: Apache Lounge VS17 Server built: Oct 18 2023 13:03:18
[Fri Feb 06 17:34:56.921580 2026] [core:notice] [pid 17896:tid 496] AH00094: Command line: 'c:\\xampp\\apache\\bin\\httpd.exe -d C:/xampp/apache'
[Fri Feb 06 17:34:56.927442 2026] [mpm_winnt:notice] [pid 17896:tid 496] AH00418: Parent: Created child process 20696
[Fri Feb 06 17:34:57.199850 2026] [ssl:warn] [pid 20696:tid 528] AH01909: www.example.com:443:0 server certificate does NOT include an ID which matches the server name
[Fri Feb 06 17:34:57.239170 2026] [ssl:warn] [pid 20696:tid 528] AH01909: www.example.com:443:0 server certificate does NOT include an ID which matches the server name
[Fri Feb 06 17:34:57.272804 2026] [mpm_winnt:notice] [pid 20696:tid 528] AH00354: Child: Starting 150 worker threads.
[Fri Feb 06 19:01:58.234169 2026] [ssl:warn] [pid 28148:tid 460] AH01909: www.example.com:443:0 server certificate does NOT include an ID which matches the server name
[Fri Feb 06 19:01:58.274029 2026] [core:warn] [pid 28148:tid 460] AH00098: pid file C:/xampp/apache/logs/httpd.pid overwritten -- Unclean shutdown of previous Apache run?
[Fri Feb 06 19:01:58.275033 2026] [ssl:warn] [pid 28148:tid 460] AH01909: www.example.com:443:0 server certificate does NOT include an ID which matches the server name
[Fri Feb 06 19:01:58.355641 2026] [mpm_winnt:notice] [pid 28148:tid 460] AH00455: Apache/2.4.58 (Win64) OpenSSL/3.1.3 PHP/8.2.12 configured -- resuming normal operations
[Fri Feb 06 19:01:58.355641 2026] [mpm_winnt:notice] [pid 28148:tid 460] AH00456: Apache Lounge VS17 Server built: Oct 18 2023 13:03:18
[Fri Feb 06 19:01:58.355641 2026] [core:notice] [pid 28148:tid 460] AH00094: Command line: 'c:\\xampp\\apache\\bin\\httpd.exe -d C:/xampp/apache'
[Fri Feb 06 19:01:58.360980 2026] [mpm_winnt:notice] [pid 28148:tid 460] AH00418: Parent: Created child process 28192
[Fri Feb 06 19:01:58.593937 2026] [ssl:warn] [pid 28192:tid 496] AH01909: www.example.com:443:0 server certificate does NOT include an ID which matches the server name
[Fri Feb 06 19:01:58.626836 2026] [ssl:warn] [pid 28192:tid 496] AH01909: www.example.com:443:0 server certificate does NOT include an ID which matches the server name
[Fri Feb 06 19:01:58.657158 2026] [mpm_winnt:notice] [pid 28192:tid 496] AH00354: Child: Starting 150 worker threads.
[Fri Feb 06 22:47:26.956190 2026] [ssl:warn] [pid 10184:tid 460] AH01909: www.example.com:443:0 server certificate does NOT include an ID which matches the server name
[Fri Feb 06 22:47:27.012055 2026] [core:warn] [pid 10184:tid 460] AH00098: pid file C:/xampp/apache/logs/httpd.pid overwritten -- Unclean shutdown of previous Apache run?
[Fri Feb 06 22:47:27.015861 2026] [ssl:warn] [pid 10184:tid 460] AH01909: www.example.com:443:0 server certificate does NOT include an ID which matches the server name
[Fri Feb 06 22:47:27.659938 2026] [mpm_winnt:notice] [pid 10184:tid 460] AH00455: Apache/2.4.58 (Win64) OpenSSL/3.1.3 PHP/8.2.12 configured -- resuming normal operations
[Fri Feb 06 22:47:27.661839 2026] [mpm_winnt:notice] [pid 10184:tid 460] AH00456: Apache Lounge VS17 Server built: Oct 18 2023 13:03:18
[Fri Feb 06 22:47:27.661839 2026] [core:notice] [pid 10184:tid 460] AH00094: Command line: 'c:\\xampp\\apache\\bin\\httpd.exe -d C:/xampp/apache'
[Fri Feb 06 22:47:27.665904 2026] [mpm_winnt:notice] [pid 10184:tid 460] AH00418: Parent: Created child process 18508
[Fri Feb 06 22:47:27.978613 2026] [ssl:warn] [pid 18508:tid 472] AH01909: www.example.com:443:0 server certificate does NOT include an ID which matches the server name
[Fri Feb 06 22:47:28.039433 2026] [ssl:warn] [pid 18508:tid 472] AH01909: www.example.com:443:0 server certificate does NOT include an ID which matches the server name
[Fri Feb 06 22:47:28.086754 2026] [mpm_winnt:notice] [pid 18508:tid 472] AH00354: Child: Starting 150 worker threads.
[Fri Feb 06 23:31:35.764944 2026] [ssl:warn] [pid 4568:tid 484] AH01909: www.example.com:443:0 server certificate does NOT include an ID which matches the server name
[Fri Feb 06 23:31:35.810830 2026] [core:warn] [pid 4568:tid 484] AH00098: pid file C:/xampp/apache/logs/httpd.pid overwritten -- Unclean shutdown of previous Apache run?
[Fri Feb 06 23:31:35.815484 2026] [ssl:warn] [pid 4568:tid 484] AH01909: www.example.com:443:0 server certificate does NOT include an ID which matches the server name
[Fri Feb 06 23:31:36.351429 2026] [mpm_winnt:notice] [pid 4568:tid 484] AH00455: Apache/2.4.58 (Win64) OpenSSL/3.1.3 PHP/8.2.12 configured -- resuming normal operations
[Fri Feb 06 23:31:36.351429 2026] [mpm_winnt:notice] [pid 4568:tid 484] AH00456: Apache Lounge VS17 Server built: Oct 18 2023 13:03:18
[Fri Feb 06 23:31:36.351429 2026] [core:notice] [pid 4568:tid 484] AH00094: Command line: 'c:\\xampp\\apache\\bin\\httpd.exe -d C:/xampp/apache'
[Fri Feb 06 23:31:36.356414 2026] [mpm_winnt:notice] [pid 4568:tid 484] AH00418: Parent: Created child process 14268
[Fri Feb 06 23:31:36.652041 2026] [ssl:warn] [pid 14268:tid 480] AH01909: www.example.com:443:0 server certificate does NOT include an ID which matches the server name
[Fri Feb 06 23:31:36.706791 2026] [ssl:warn] [pid 14268:tid 480] AH01909: www.example.com:443:0 server certificate does NOT include an ID which matches the server name
[Fri Feb 06 23:31:36.748953 2026] [mpm_winnt:notice] [pid 14268:tid 480] AH00354: Child: Starting 150 worker threads.
[Sat Feb 07 18:44:02.070688 2026] [ssl:warn] [pid 33764:tid 224] AH01909: www.example.com:443:0 server certificate does NOT include an ID which matches the server name
[Sat Feb 07 18:44:02.114336 2026] [core:warn] [pid 33764:tid 224] AH00098: pid file C:/xampp/apache/logs/httpd.pid overwritten -- Unclean shutdown of previous Apache run?
[Sat Feb 07 18:44:02.119135 2026] [ssl:warn] [pid 33764:tid 224] AH01909: www.example.com:443:0 server certificate does NOT include an ID which matches the server name
[Sat Feb 07 18:44:02.976850 2026] [mpm_winnt:notice] [pid 33764:tid 224] AH00455: Apache/2.4.58 (Win64) OpenSSL/3.1.3 PHP/8.2.12 configured -- resuming normal operations
[Sat Feb 07 18:44:02.976850 2026] [mpm_winnt:notice] [pid 33764:tid 224] AH00456: Apache Lounge VS17 Server built: Oct 18 2023 13:03:18
[Sat Feb 07 18:44:02.976850 2026] [core:notice] [pid 33764:tid 224] AH00094: Command line: 'c:\\xampp\\apache\\bin\\httpd.exe -d C:/xampp/apache'
[Sat Feb 07 18:44:02.983362 2026] [mpm_winnt:notice] [pid 33764:tid 224] AH00418: Parent: Created child process 27052
[Sat Feb 07 18:44:03.333741 2026] [ssl:warn] [pid 27052:tid 480] AH01909: www.example.com:443:0 server certificate does NOT include an ID which matches the server name
[Sat Feb 07 18:44:03.367108 2026] [ssl:warn] [pid 27052:tid 480] AH01909: www.example.com:443:0 server certificate does NOT include an ID which matches the server name
[Sat Feb 07 18:44:03.405209 2026] [mpm_winnt:notice] [pid 27052:tid 480] AH00354: Child: Starting 150 worker threads.
[Sat Feb 07 19:36:23.240037 2026] [ssl:warn] [pid 27224:tid 460] AH01909: www.example.com:443:0 server certificate does NOT include an ID which matches the server name
[Sat Feb 07 19:36:23.279632 2026] [core:warn] [pid 27224:tid 460] AH00098: pid file C:/xampp/apache/logs/httpd.pid overwritten -- Unclean shutdown of previous Apache run?
[Sat Feb 07 19:36:23.285276 2026] [ssl:warn] [pid 27224:tid 460] AH01909: www.example.com:443:0 server certificate does NOT include an ID which matches the server name
[Sat Feb 07 19:36:24.021744 2026] [mpm_winnt:notice] [pid 27224:tid 460] AH00455: Apache/2.4.58 (Win64) OpenSSL/3.1.3 PHP/8.2.12 configured -- resuming normal operations
[Sat Feb 07 19:36:24.021744 2026] [mpm_winnt:notice] [pid 27224:tid 460] AH00456: Apache Lounge VS17 Server built: Oct 18 2023 13:03:18
[Sat Feb 07 19:36:24.021744 2026] [core:notice] [pid 27224:tid 460] AH00094: Command line: 'c:\\xampp\\apache\\bin\\httpd.exe -d C:/xampp/apache'
[Sat Feb 07 19:36:24.027064 2026] [mpm_winnt:notice] [pid 27224:tid 460] AH00418: Parent: Created child process 27236
[Sat Feb 07 19:36:24.286266 2026] [ssl:warn] [pid 27236:tid 504] AH01909: www.example.com:443:0 server certificate does NOT include an ID which matches the server name
[Sat Feb 07 19:36:24.319984 2026] [ssl:warn] [pid 27236:tid 504] AH01909: www.example.com:443:0 server certificate does NOT include an ID which matches the server name
[Sat Feb 07 19:36:24.356272 2026] [mpm_winnt:notice] [pid 27236:tid 504] AH00354: Child: Starting 150 worker threads.
[Sat Feb 07 22:58:57.265872 2026] [mpm_winnt:crit] [pid 27236:tid 504] AH02538: Child: Parent process exited abruptly. Child process is ending
[Sun Feb 08 10:51:48.070462 2026] [ssl:warn] [pid 20812:tid 460] AH01909: www.example.com:443:0 server certificate does NOT include an ID which matches the server name
[Sun Feb 08 10:51:48.145201 2026] [core:warn] [pid 20812:tid 460] AH00098: pid file C:/xampp/apache/logs/httpd.pid overwritten -- Unclean shutdown of previous Apache run?
[Sun Feb 08 10:51:48.149434 2026] [ssl:warn] [pid 20812:tid 460] AH01909: www.example.com:443:0 server certificate does NOT include an ID which matches the server name
[Sun Feb 08 10:51:48.216774 2026] [mpm_winnt:notice] [pid 20812:tid 460] AH00455: Apache/2.4.58 (Win64) OpenSSL/3.1.3 PHP/8.2.12 configured -- resuming normal operations
[Sun Feb 08 10:51:48.216774 2026] [mpm_winnt:notice] [pid 20812:tid 460] AH00456: Apache Lounge VS17 Server built: Oct 18 2023 13:03:18
[Sun Feb 08 10:51:48.216774 2026] [core:notice] [pid 20812:tid 460] AH00094: Command line: 'c:\\xampp\\apache\\bin\\httpd.exe -d C:/xampp/apache'
[Sun Feb 08 10:51:48.221039 2026] [mpm_winnt:notice] [pid 20812:tid 460] AH00418: Parent: Created child process 18424
[Sun Feb 08 10:51:48.708787 2026] [ssl:warn] [pid 18424:tid 488] AH01909: www.example.com:443:0 server certificate does NOT include an ID which matches the server name
[Sun Feb 08 10:51:48.765025 2026] [ssl:warn] [pid 18424:tid 488] AH01909: www.example.com:443:0 server certificate does NOT include an ID which matches the server name
[Sun Feb 08 10:51:48.824415 2026] [mpm_winnt:notice] [pid 18424:tid 488] AH00354: Child: Starting 150 worker threads.
[Sun Feb 08 15:29:06.371018 2026] [ssl:warn] [pid 12308:tid 464] AH01909: www.example.com:443:0 server certificate does NOT include an ID which matches the server name
[Sun Feb 08 15:29:06.409424 2026] [core:warn] [pid 12308:tid 464] AH00098: pid file C:/xampp/apache/logs/httpd.pid overwritten -- Unclean shutdown of previous Apache run?
[Sun Feb 08 15:29:06.419435 2026] [ssl:warn] [pid 12308:tid 464] AH01909: www.example.com:443:0 server certificate does NOT include an ID which matches the server name
[Sun Feb 08 15:29:06.754778 2026] [mpm_winnt:notice] [pid 12308:tid 464] AH00455: Apache/2.4.58 (Win64) OpenSSL/3.1.3 PHP/8.2.12 configured -- resuming normal operations
[Sun Feb 08 15:29:06.754778 2026] [mpm_winnt:notice] [pid 12308:tid 464] AH00456: Apache Lounge VS17 Server built: Oct 18 2023 13:03:18
[Sun Feb 08 15:29:06.754778 2026] [core:notice] [pid 12308:tid 464] AH00094: Command line: 'c:\\xampp\\apache\\bin\\httpd.exe -d C:/xampp/apache'
[Sun Feb 08 15:29:06.759956 2026] [mpm_winnt:notice] [pid 12308:tid 464] AH00418: Parent: Created child process 22800
[Sun Feb 08 15:29:07.019099 2026] [ssl:warn] [pid 22800:tid 460] AH01909: www.example.com:443:0 server certificate does NOT include an ID which matches the server name
[Sun Feb 08 15:29:07.060768 2026] [ssl:warn] [pid 22800:tid 460] AH01909: www.example.com:443:0 server certificate does NOT include an ID which matches the server name
[Sun Feb 08 15:29:07.105669 2026] [mpm_winnt:notice] [pid 22800:tid 460] AH00354: Child: Starting 150 worker threads.
[Mon Feb 09 11:44:45.843351 2026] [ssl:warn] [pid 31464:tid 500] AH01909: www.example.com:443:0 server certificate does NOT include an ID which matches the server name
[Mon Feb 09 11:44:45.882984 2026] [core:warn] [pid 31464:tid 500] AH00098: pid file C:/xampp/apache/logs/httpd.pid overwritten -- Unclean shutdown of previous Apache run?
[Mon Feb 09 11:44:45.886056 2026] [ssl:warn] [pid 31464:tid 500] AH01909: www.example.com:443:0 server certificate does NOT include an ID which matches the server name
[Mon Feb 09 11:44:46.741976 2026] [mpm_winnt:notice] [pid 31464:tid 500] AH00455: Apache/2.4.58 (Win64) OpenSSL/3.1.3 PHP/8.2.12 configured -- resuming normal operations
[Mon Feb 09 11:44:46.741976 2026] [mpm_winnt:notice] [pid 31464:tid 500] AH00456: Apache Lounge VS17 Server built: Oct 18 2023 13:03:18
[Mon Feb 09 11:44:46.741976 2026] [core:notice] [pid 31464:tid 500] AH00094: Command line: 'c:\\xampp\\apache\\bin\\httpd.exe -d C:/xampp/apache'
[Mon Feb 09 11:44:46.742985 2026] [mpm_winnt:notice] [pid 31464:tid 500] AH00418: Parent: Created child process 27856
[Mon Feb 09 11:44:46.994608 2026] [ssl:warn] [pid 27856:tid 480] AH01909: www.example.com:443:0 server certificate does NOT include an ID which matches the server name
[Mon Feb 09 11:44:47.034296 2026] [ssl:warn] [pid 27856:tid 480] AH01909: www.example.com:443:0 server certificate does NOT include an ID which matches the server name
[Mon Feb 09 11:44:47.071047 2026] [mpm_winnt:notice] [pid 27856:tid 480] AH00354: Child: Starting 150 worker threads.
[Mon Feb 09 22:31:23.549541 2026] [ssl:warn] [pid 28560:tid 496] AH01909: www.example.com:443:0 server certificate does NOT include an ID which matches the server name
[Mon Feb 09 22:31:23.586913 2026] [core:warn] [pid 28560:tid 496] AH00098: pid file C:/xampp/apache/logs/httpd.pid overwritten -- Unclean shutdown of previous Apache run?
[Mon Feb 09 22:31:23.586913 2026] [ssl:warn] [pid 28560:tid 496] AH01909: www.example.com:443:0 server certificate does NOT include an ID which matches the server name
[Mon Feb 09 22:31:23.960156 2026] [mpm_winnt:notice] [pid 28560:tid 496] AH00455: Apache/2.4.58 (Win64) OpenSSL/3.1.3 PHP/8.2.12 configured -- resuming normal operations
[Mon Feb 09 22:31:23.960156 2026] [mpm_winnt:notice] [pid 28560:tid 496] AH00456: Apache Lounge VS17 Server built: Oct 18 2023 13:03:18
[Mon Feb 09 22:31:23.960156 2026] [core:notice] [pid 28560:tid 496] AH00094: Command line: 'c:\\xampp\\apache\\bin\\httpd.exe -d C:/xampp/apache'
[Mon Feb 09 22:31:23.966184 2026] [mpm_winnt:notice] [pid 28560:tid 496] AH00418: Parent: Created child process 27344
[Mon Feb 09 22:31:24.196762 2026] [ssl:warn] [pid 27344:tid 484] AH01909: www.example.com:443:0 server certificate does NOT include an ID which matches the server name
[Mon Feb 09 22:31:24.228589 2026] [ssl:warn] [pid 27344:tid 484] AH01909: www.example.com:443:0 server certificate does NOT include an ID which matches the server name
[Mon Feb 09 22:31:24.271729 2026] [mpm_winnt:notice] [pid 27344:tid 484] AH00354: Child: Starting 150 worker threads.
[Mon Feb 09 22:37:35.094841 2026] [ssl:warn] [pid 17512:tid 484] AH01909: www.example.com:443:0 server certificate does NOT include an ID which matches the server name
[Mon Feb 09 22:37:35.127193 2026] [core:warn] [pid 17512:tid 484] AH00098: pid file C:/xampp/apache/logs/httpd.pid overwritten -- Unclean shutdown of previous Apache run?
[Mon Feb 09 22:37:35.134610 2026] [ssl:warn] [pid 17512:tid 484] AH01909: www.example.com:443:0 server certificate does NOT include an ID which matches the server name
[Mon Feb 09 22:37:35.168413 2026] [mpm_winnt:notice] [pid 17512:tid 484] AH00455: Apache/2.4.58 (Win64) OpenSSL/3.1.3 PHP/8.2.12 configured -- resuming normal operations
[Mon Feb 09 22:37:35.168413 2026] [mpm_winnt:notice] [pid 17512:tid 484] AH00456: Apache Lounge VS17 Server built: Oct 18 2023 13:03:18
[Mon Feb 09 22:37:35.168413 2026] [core:notice] [pid 17512:tid 484] AH00094: Command line: 'c:\\xampp\\apache\\bin\\httpd.exe -d C:/xampp/apache'
[Mon Feb 09 22:37:35.176067 2026] [mpm_winnt:notice] [pid 17512:tid 484] AH00418: Parent: Created child process 4856
[Mon Feb 09 22:37:35.400674 2026] [ssl:warn] [pid 4856:tid 508] AH01909: www.example.com:443:0 server certificate does NOT include an ID which matches the server name
[Mon Feb 09 22:37:35.436541 2026] [ssl:warn] [pid 4856:tid 508] AH01909: www.example.com:443:0 server certificate does NOT include an ID which matches the server name
[Mon Feb 09 22:37:35.464055 2026] [mpm_winnt:notice] [pid 4856:tid 508] AH00354: Child: Starting 150 worker threads.
[Mon Feb 09 22:55:04.488965 2026] [php:error] [pid 4856:tid 1908] [client ::1:64419] PHP Fatal error:  Maximum execution time of 300 seconds exceeded in C:\\xampp\\phpMyAdmin\\libraries\\classes\\Dbal\\DbiMysqli.php on line 209
[Mon Feb 09 23:10:11.556925 2026] [ssl:warn] [pid 6612:tid 488] AH01909: www.example.com:443:0 server certificate does NOT include an ID which matches the server name
[Mon Feb 09 23:10:11.580030 2026] [core:warn] [pid 6612:tid 488] AH00098: pid file C:/xampp/apache/logs/httpd.pid overwritten -- Unclean shutdown of previous Apache run?
[Mon Feb 09 23:10:11.594854 2026] [ssl:warn] [pid 6612:tid 488] AH01909: www.example.com:443:0 server certificate does NOT include an ID which matches the server name
[Mon Feb 09 23:10:11.626375 2026] [mpm_winnt:notice] [pid 6612:tid 488] AH00455: Apache/2.4.58 (Win64) OpenSSL/3.1.3 PHP/8.2.12 configured -- resuming normal operations
[Mon Feb 09 23:10:11.626375 2026] [mpm_winnt:notice] [pid 6612:tid 488] AH00456: Apache Lounge VS17 Server built: Oct 18 2023 13:03:18
[Mon Feb 09 23:10:11.626375 2026] [core:notice] [pid 6612:tid 488] AH00094: Command line: 'c:\\xampp\\apache\\bin\\httpd.exe -d C:/xampp/apache'
[Mon Feb 09 23:10:11.626375 2026] [mpm_winnt:notice] [pid 6612:tid 488] AH00418: Parent: Created child process 31116
[Mon Feb 09 23:10:11.851002 2026] [ssl:warn] [pid 31116:tid 492] AH01909: www.example.com:443:0 server certificate does NOT include an ID which matches the server name
[Mon Feb 09 23:10:11.894616 2026] [ssl:warn] [pid 31116:tid 492] AH01909: www.example.com:443:0 server certificate does NOT include an ID which matches the server name
[Mon Feb 09 23:10:11.923070 2026] [mpm_winnt:notice] [pid 31116:tid 492] AH00354: Child: Starting 150 worker threads.
[Mon Feb 09 23:16:07.922161 2026] [mpm_winnt:crit] [pid 31116:tid 492] AH02538: Child: Parent process exited abruptly. Child process is ending
[Mon Feb 09 23:16:27.120560 2026] [ssl:warn] [pid 32228:tid 484] AH01909: www.example.com:443:0 server certificate does NOT include an ID which matches the server name
[Mon Feb 09 23:16:27.152340 2026] [core:warn] [pid 32228:tid 484] AH00098: pid file C:/xampp/apache/logs/httpd.pid overwritten -- Unclean shutdown of previous Apache run?
[Mon Feb 09 23:16:27.155532 2026] [ssl:warn] [pid 32228:tid 484] AH01909: www.example.com:443:0 server certificate does NOT include an ID which matches the server name
[Mon Feb 09 23:16:27.185634 2026] [mpm_winnt:notice] [pid 32228:tid 484] AH00455: Apache/2.4.58 (Win64) OpenSSL/3.1.3 PHP/8.2.12 configured -- resuming normal operations
[Mon Feb 09 23:16:27.185634 2026] [mpm_winnt:notice] [pid 32228:tid 484] AH00456: Apache Lounge VS17 Server built: Oct 18 2023 13:03:18
[Mon Feb 09 23:16:27.185634 2026] [core:notice] [pid 32228:tid 484] AH00094: Command line: 'c:\\xampp\\apache\\bin\\httpd.exe -d C:/xampp/apache'
[Mon Feb 09 23:16:27.189837 2026] [mpm_winnt:notice] [pid 32228:tid 484] AH00418: Parent: Created child process 21976
[Mon Feb 09 23:16:27.414771 2026] [ssl:warn] [pid 21976:tid 516] AH01909: www.example.com:443:0 server certificate does NOT include an ID which matches the server name
[Mon Feb 09 23:16:27.449688 2026] [ssl:warn] [pid 21976:tid 516] AH01909: www.example.com:443:0 server certificate does NOT include an ID which matches the server name
[Mon Feb 09 23:16:27.478656 2026] [mpm_winnt:notice] [pid 21976:tid 516] AH00354: Child: Starting 150 worker threads.
[Mon Feb 09 23:32:45.244473 2026] [ssl:warn] [pid 12804:tid 464] AH01909: www.example.com:443:0 server certificate does NOT include an ID which matches the server name
[Mon Feb 09 23:32:45.289523 2026] [core:warn] [pid 12804:tid 464] AH00098: pid file C:/xampp/apache/logs/httpd.pid overwritten -- Unclean shutdown of previous Apache run?
[Mon Feb 09 23:32:45.291900 2026] [ssl:warn] [pid 12804:tid 464] AH01909: www.example.com:443:0 server certificate does NOT include an ID which matches the server name
[Mon Feb 09 23:32:45.322285 2026] [mpm_winnt:notice] [pid 12804:tid 464] AH00455: Apache/2.4.58 (Win64) OpenSSL/3.1.3 PHP/8.2.12 configured -- resuming normal operations
[Mon Feb 09 23:32:45.322285 2026] [mpm_winnt:notice] [pid 12804:tid 464] AH00456: Apache Lounge VS17 Server built: Oct 18 2023 13:03:18
[Mon Feb 09 23:32:45.322285 2026] [core:notice] [pid 12804:tid 464] AH00094: Command line: 'c:\\xampp\\apache\\bin\\httpd.exe -d C:/xampp/apache'
[Mon Feb 09 23:32:45.330719 2026] [mpm_winnt:notice] [pid 12804:tid 464] AH00418: Parent: Created child process 29652
[Mon Feb 09 23:32:45.543748 2026] [ssl:warn] [pid 29652:tid 484] AH01909: www.example.com:443:0 server certificate does NOT include an ID which matches the server name
[Mon Feb 09 23:32:45.591237 2026] [ssl:warn] [pid 29652:tid 484] AH01909: www.example.com:443:0 server certificate does NOT include an ID which matches the server name
[Mon Feb 09 23:32:45.624016 2026] [mpm_winnt:notice] [pid 29652:tid 484] AH00354: Child: Starting 150 worker threads.
