2026-02-09T17:43:13.204781Z 0 [Warning] [MY-010918] [Server] 'default_authentication_plugin' is deprecated and will be removed in a future release. Please use authentication_policy instead.
2026-02-09T17:43:13.204796Z 0 [System] [MY-010116] [Server] c:\xampp\mysql\bin\mysqld.exe (mysqld 8.0.45) starting as process 31592
2026-02-09T17:43:13.329807Z 0 [Warning] [MY-013907] [InnoDB] Deprecated configuration parameters innodb_log_file_size and/or innodb_log_files_in_group have been used to compute innodb_redo_log_capacity=134217728. Please use innodb_redo_log_capacity instead.
2026-02-09T17:43:13.334128Z 1 [System] [MY-013576] [InnoDB] InnoDB initialization has started.
2026-02-09T17:43:13.671050Z 1 [System] [MY-013577] [InnoDB] InnoDB initialization has ended.
2026-02-09T17:43:13.984184Z 0 [Warning] [MY-010068] [Server] CA certificate ca.pem is self signed.
2026-02-09T17:43:13.984589Z 0 [System] [MY-013602] [Server] Channel mysql_main configured to support TLS. Encrypted connections are now supported for this channel.
2026-02-09T17:43:14.037197Z 0 [System] [MY-010931] [Server] c:\xampp\mysql\bin\mysqld.exe: ready for connections. Version: '8.0.45'  socket: ''  port: 3306  MySQL Community Server - GPL.
2026-02-09T17:43:18.727957Z 8 [Warning] [MY-013360] [Server] Plugin mysql_native_password reported: ''mysql_native_password' is deprecated and will be removed in a future release. Please use caching_sha2_password instead'
2026-02-09T17:43:18.740714Z 8 [Warning] [MY-013360] [Server] Plugin sha256_password reported: ''sha256_password' is deprecated and will be removed in a future release. Please use caching_sha2_password instead'
2026-02-09T17:43:19.317639Z 11 [Warning] [MY-013360] [Server] Plugin sha256_password reported: ''sha256_password' is deprecated and will be removed in a future release. Please use caching_sha2_password instead'
2026-02-09T17:43:19.447468Z 14 [Warning] [MY-013360] [Server] Plugin sha256_password reported: ''sha256_password' is deprecated and will be removed in a future release. Please use caching_sha2_password instead'
2026-02-09T17:43:19.587720Z 17 [Warning] [MY-013360] [Server] Plugin sha256_password reported: ''sha256_password' is deprecated and will be removed in a future release. Please use caching_sha2_password instead'
2026-02-09T17:43:19.732070Z 20 [Warning] [MY-013360] [Server] Plugin sha256_password reported: ''sha256_password' is deprecated and will be removed in a future release. Please use caching_sha2_password instead'
2026-02-09T17:43:19.846857Z 23 [Warning] [MY-013360] [Server] Plugin sha256_password reported: ''sha256_password' is deprecated and will be removed in a future release. Please use caching_sha2_password instead'
2026-02-09T17:43:40.878598Z 26 [Warning] [MY-013360] [Server] Plugin sha256_password reported: ''sha256_password' is deprecated and will be removed in a future release. Please use caching_sha2_password instead'
2026-02-09T17:43:41.156508Z 29 [Warning] [MY-013360] [Server] Plugin sha256_password reported: ''sha256_password' is deprecated and will be removed in a future release. Please use caching_sha2_password instead'
2026-02-09T17:43:43.734358Z 32 [Warning] [MY-013360] [Server] Plugin sha256_password reported: ''sha256_password' is deprecated and will be removed in a future release. Please use caching_sha2_password instead'
2026-02-09T17:43:49.183897Z 35 [Warning] [MY-013360] [Server] Plugin sha256_password reported: ''sha256_password' is deprecated and will be removed in a future release. Please use caching_sha2_password instead'
2026-02-09T17:43:49.698328Z 38 [Warning] [MY-013360] [Server] Plugin sha256_password reported: ''sha256_password' is deprecated and will be removed in a future release. Please use caching_sha2_password instead'
2026-02-09T17:43:49.830052Z 41 [Warning] [MY-013360] [Server] Plugin sha256_password reported: ''sha256_password' is deprecated and will be removed in a future release. Please use caching_sha2_password instead'
2026-02-09T17:43:55.452603Z 44 [Warning] [MY-013360] [Server] Plugin sha256_password reported: ''sha256_password' is deprecated and will be removed in a future release. Please use caching_sha2_password instead'
2026-02-09T17:43:55.871911Z 47 [Warning] [MY-013360] [Server] Plugin sha256_password reported: ''sha256_password' is deprecated and will be removed in a future release. Please use caching_sha2_password instead'
2026-02-09T17:43:55.969645Z 50 [Warning] [MY-013360] [Server] Plugin sha256_password reported: ''sha256_password' is deprecated and will be removed in a future release. Please use caching_sha2_password instead'
2026-02-09T17:43:56.068986Z 53 [Warning] [MY-013360] [Server] Plugin sha256_password reported: ''sha256_password' is deprecated and will be removed in a future release. Please use caching_sha2_password instead'
2026-02-09T17:43:56.302728Z 56 [Warning] [MY-013360] [Server] Plugin sha256_password reported: ''sha256_password' is deprecated and will be removed in a future release. Please use caching_sha2_password instead'
2026-02-09T17:46:23.810701Z 0 [Warning] [MY-010918] [Server] 'default_authentication_plugin' is deprecated and will be removed in a future release. Please use authentication_policy instead.
2026-02-09T17:46:23.810722Z 0 [System] [MY-010116] [Server] c:\xampp\mysql\bin\mysqld.exe (mysqld 8.0.45) starting as process 17600
